[rospy.client][INFO] 2019-06-02 15:03:25,490: init_node, name[/styx_server], pid[13946]
[xmlrpc][INFO] 2019-06-02 15:03:25,492: XML-RPC server binding to 0.0.0.0:0
[xmlrpc][INFO] 2019-06-02 15:03:25,494: Started XML-RPC server [http://a917bedbf8a8:46451/]
[rospy.impl.masterslave][INFO] 2019-06-02 15:03:25,495: _ready: http://a917bedbf8a8:46451/
[xmlrpc][INFO] 2019-06-02 15:03:25,496: xml rpc node: starting XML-RPC server
[rospy.init][INFO] 2019-06-02 15:03:25,497: ROS Slave URI: [http://a917bedbf8a8:46451/]
[rospy.registration][INFO] 2019-06-02 15:03:25,499: Registering with master node http://localhost:11311
[rospy.init][INFO] 2019-06-02 15:03:25,599: registered with master
[rospy.rosout][INFO] 2019-06-02 15:03:25,599: initializing /rosout core topic
[rospy.rosout][INFO] 2019-06-02 15:03:25,605: connected to core topic /rosout
[rospy.simtime][INFO] 2019-06-02 15:03:25,608: /use_sim_time is not set, will not subscribe to simulated time [/clock] topic
[rospy.internal][INFO] 2019-06-02 15:03:25,678: topic[/vehicle/brake_cmd] adding connection to [http://a917bedbf8a8:45659/], count 0
[rospy.internal][INFO] 2019-06-02 15:03:25,698: topic[/vehicle/throttle_cmd] adding connection to [http://a917bedbf8a8:45659/], count 0
[rospy.internal][INFO] 2019-06-02 15:03:25,701: topic[/vehicle/steering_cmd] adding connection to [http://a917bedbf8a8:45659/], count 0
[rospy.internal][INFO] 2019-06-02 15:03:25,759: topic[/vehicle/dbw_enabled] adding connection to [/dbw_node], count 0
[rospy.internal][INFO] 2019-06-02 15:03:25,761: topic[/current_velocity] adding connection to [/dbw_node], count 0
[rospy.internal][INFO] 2019-06-02 15:03:25,832: topic[/rosout] adding connection to [/rosout], count 0
[rospy.internal][INFO] 2019-06-02 15:03:25,938: topic[/current_velocity] adding connection to [/pure_pursuit], count 1
[rospy.internal][INFO] 2019-06-02 15:03:25,939: topic[/current_pose] adding connection to [/pure_pursuit], count 0
[rospy.internal][INFO] 2019-06-02 15:03:27,082: topic[/current_pose] adding connection to [/waypoint_updater], count 1
[rospy.internal][INFO] 2019-06-02 15:03:27,114: topic[/final_waypoints] adding connection to [http://a917bedbf8a8:44041/], count 0
[rospy.internal][INFO] 2019-06-02 15:03:29,731: topic[/tf] adding connection to [/tl_detector], count 0
[rospy.internal][INFO] 2019-06-02 15:03:32,100: topic[/image_color] adding connection to [/tl_detector], count 0
[rospy.internal][INFO] 2019-06-02 15:03:32,111: topic[/vehicle/traffic_lights] adding connection to [/tl_detector], count 0
[rospy.internal][INFO] 2019-06-02 15:03:32,130: topic[/current_pose] adding connection to [/tl_detector], count 2
[rospy.core][INFO] 2019-06-02 15:04:48,001: signal_shutdown [signal-2]
[rospy.registration][WARNING] 2019-06-02 15:04:48,004: unclean shutdown
Traceback (most recent call last):
  File "/opt/ros/kinetic/lib/python2.7/dist-packages/rospy/impl/registration.py", line 374, in cleanup
    multi()
  File "/usr/lib/python2.7/xmlrpclib.py", line 1006, in __call__
    return MultiCallIterator(self.__server.system.multicall(marshalled_list))
  File "/usr/lib/python2.7/xmlrpclib.py", line 1243, in __call__
    return self.__send(self.__name, args)
  File "/usr/lib/python2.7/xmlrpclib.py", line 1602, in __request
    verbose=self.__verbose
  File "/usr/lib/python2.7/xmlrpclib.py", line 1283, in request
    return self.single_request(host, handler, request_body, verbose)
  File "/usr/lib/python2.7/xmlrpclib.py", line 1311, in single_request
    self.send_content(h, request_body)
  File "/usr/lib/python2.7/xmlrpclib.py", line 1459, in send_content
    connection.endheaders(request_body)
  File "/usr/lib/python2.7/httplib.py", line 1053, in endheaders
    self._send_output(message_body)
  File "/usr/lib/python2.7/httplib.py", line 897, in _send_output
    self.send(msg)
  File "/usr/lib/python2.7/httplib.py", line 859, in send
    self.connect()
  File "/usr/lib/python2.7/httplib.py", line 836, in connect
    self.timeout, self.source_address)
  File "/usr/local/lib/python2.7/dist-packages/eventlet/green/socket.py", line 53, in create_connection
    sock.connect(sa)
  File "/usr/local/lib/python2.7/dist-packages/eventlet/greenio/base.py", line 252, in connect
    timeout_exc=socket.timeout("timed out"))
  File "/usr/local/lib/python2.7/dist-packages/eventlet/greenio/base.py", line 203, in _trampoline
    mark_as_closed=self._mark_as_closed)
  File "/usr/local/lib/python2.7/dist-packages/eventlet/hubs/__init__.py", line 144, in trampoline
    assert hub.greenlet is not current, 'do not call blocking functions from the mainloop'
AssertionError: do not call blocking functions from the mainloop

[rospy.internal][INFO] 2019-06-02 15:04:48,004: topic[/vehicle/dbw_enabled] removing connection to /dbw_node
[rospy.internal][INFO] 2019-06-02 15:04:48,005: topic[/rosout] removing connection to /rosout
[rospy.internal][INFO] 2019-06-02 15:04:48,006: topic[/current_velocity] removing connection to /dbw_node
[rospy.internal][INFO] 2019-06-02 15:04:48,007: topic[/current_velocity] removing connection to /pure_pursuit
[rospy.internal][INFO] 2019-06-02 15:04:48,014: topic[/tf] removing connection to /tl_detector
[rospy.internal][INFO] 2019-06-02 15:04:48,016: topic[/vehicle/traffic_lights] removing connection to /tl_detector
[rospy.internal][ERROR] 2019-06-02 15:04:48,024: Unable to initiate TCP/IP socket to a917bedbf8a8:38469 (http://a917bedbf8a8:45659/): Traceback (most recent call last):
  File "/opt/ros/kinetic/lib/python2.7/dist-packages/rospy/impl/tcpros_base.py", line 557, in connect
    self.read_header()
  File "/opt/ros/kinetic/lib/python2.7/dist-packages/rospy/impl/tcpros_base.py", line 650, in read_header
    self._validate_header(read_ros_handshake_header(sock, self.read_buff, self.protocol.buff_size))
  File "/opt/ros/kinetic/lib/python2.7/dist-packages/rospy/impl/tcpros_base.py", line 593, in _validate_header
    raise TransportInitError("remote error reported: %s"%header['error'])
TransportInitError: remote error reported: node shutting down

[rospy.internal][ERROR] 2019-06-02 15:04:48,024: Unable to initiate TCP/IP socket to a917bedbf8a8:38469 (http://a917bedbf8a8:45659/): Traceback (most recent call last):
  File "/opt/ros/kinetic/lib/python2.7/dist-packages/rospy/impl/tcpros_base.py", line 557, in connect
    self.read_header()
  File "/opt/ros/kinetic/lib/python2.7/dist-packages/rospy/impl/tcpros_base.py", line 650, in read_header
    self._validate_header(read_ros_handshake_header(sock, self.read_buff, self.protocol.buff_size))
  File "/opt/ros/kinetic/lib/python2.7/dist-packages/rospy/impl/tcpros_base.py", line 593, in _validate_header
    raise TransportInitError("remote error reported: %s"%header['error'])
TransportInitError: remote error reported: node shutting down

[rospy.internal][ERROR] 2019-06-02 15:04:48,025: Unable to initiate TCP/IP socket to a917bedbf8a8:38469 (http://a917bedbf8a8:45659/): Traceback (most recent call last):
  File "/opt/ros/kinetic/lib/python2.7/dist-packages/rospy/impl/tcpros_base.py", line 557, in connect
    self.read_header()
  File "/opt/ros/kinetic/lib/python2.7/dist-packages/rospy/impl/tcpros_base.py", line 650, in read_header
    self._validate_header(read_ros_handshake_header(sock, self.read_buff, self.protocol.buff_size))
  File "/opt/ros/kinetic/lib/python2.7/dist-packages/rospy/impl/tcpros_base.py", line 593, in _validate_header
    raise TransportInitError("remote error reported: %s"%header['error'])
TransportInitError: remote error reported: node shutting down

[rospy.internal][INFO] 2019-06-02 15:04:48,018: topic[/current_pose] removing connection to /pure_pursuit
[rospy.internal][INFO] 2019-06-02 15:04:48,025: topic[/current_pose] removing connection to /waypoint_updater
[rospy.internal][INFO] 2019-06-02 15:04:48,039: topic[/current_pose] removing connection to /tl_detector
[rospy.internal][INFO] 2019-06-02 15:04:48,041: topic[/image_color] removing connection to /tl_detector
[rospy.internal][INFO] 2019-06-02 15:04:48,042: topic[/vehicle/throttle_cmd] removing connection to http://a917bedbf8a8:45659/
[rospy.internal][INFO] 2019-06-02 15:04:48,042: topic[/final_waypoints] removing connection to http://a917bedbf8a8:44041/
[rospy.internal][INFO] 2019-06-02 15:04:48,043: topic[/vehicle/steering_cmd] removing connection to http://a917bedbf8a8:45659/
[rospy.internal][INFO] 2019-06-02 15:04:48,044: topic[/vehicle/brake_cmd] removing connection to http://a917bedbf8a8:45659/
[rospy.impl.masterslave][INFO] 2019-06-02 15:04:48,044: signal-2
[rospy.core][INFO] 2019-06-02 15:05:03,043: signal_shutdown [signal-15]
