[rospy.client][INFO] 2019-06-02 15:03:26,992: init_node, name[/waypoint_loader], pid[13962]
[xmlrpc][INFO] 2019-06-02 15:03:26,993: XML-RPC server binding to 0.0.0.0:0
[xmlrpc][INFO] 2019-06-02 15:03:26,994: Started XML-RPC server [http://a917bedbf8a8:43097/]
[rospy.impl.masterslave][INFO] 2019-06-02 15:03:26,994: _ready: http://a917bedbf8a8:43097/
[rospy.init][INFO] 2019-06-02 15:03:26,995: ROS Slave URI: [http://a917bedbf8a8:43097/]
[xmlrpc][INFO] 2019-06-02 15:03:26,997: xml rpc node: starting XML-RPC server
[rospy.registration][INFO] 2019-06-02 15:03:26,998: Registering with master node http://localhost:11311
[rospy.init][INFO] 2019-06-02 15:03:27,096: registered with master
[rospy.rosout][INFO] 2019-06-02 15:03:27,097: initializing /rosout core topic
[rospy.rosout][INFO] 2019-06-02 15:03:27,102: connected to core topic /rosout
[rospy.simtime][INFO] 2019-06-02 15:03:27,105: /use_sim_time is not set, will not subscribe to simulated time [/clock] topic
[rosout][DEBUG] 2019-06-02 15:03:27,105: init_node, name[/waypoint_loader], pid[13962]
[rosout][DEBUG] 2019-06-02 15:03:27,106: binding to 0.0.0.0 0
[rosout][DEBUG] 2019-06-02 15:03:27,106: bound to 0.0.0.0 35715
[rosout][DEBUG] 2019-06-02 15:03:27,107: ... service URL is rosrpc://a917bedbf8a8:35715
[rosout][DEBUG] 2019-06-02 15:03:27,108: [/waypoint_loader/get_loggers]: new Service instance
[rosout][DEBUG] 2019-06-02 15:03:27,112: ... service URL is rosrpc://a917bedbf8a8:35715
[rosout][DEBUG] 2019-06-02 15:03:27,113: [/waypoint_loader/set_logger_level]: new Service instance
[rospy.internal][INFO] 2019-06-02 15:03:27,204: topic[/base_waypoints] adding connection to [/waypoint_updater], count 0
[rospy.internal][INFO] 2019-06-02 15:03:27,356: topic[/rosout] adding connection to [/rosout], count 0
[rosout][INFO] 2019-06-02 15:03:28,179: Waypoint Loded
[rosout][DEBUG] 2019-06-02 15:03:28,180: node[/waypoint_loader, http://a917bedbf8a8:43097/] entering spin(), pid[13962]
[rospy.internal][INFO] 2019-06-02 15:03:32,100: topic[/base_waypoints] adding connection to [/tl_detector], count 1
[rospy.core][INFO] 2019-06-02 15:04:48,000: signal_shutdown [signal-2]
[rospy.internal][INFO] 2019-06-02 15:04:48,062: topic[/rosout] removing connection to /rosout
[rospy.internal][INFO] 2019-06-02 15:04:48,063: topic[/base_waypoints] removing connection to /waypoint_updater
[rospy.internal][INFO] 2019-06-02 15:04:48,068: topic[/base_waypoints] removing connection to /tl_detector
[rospy.impl.masterslave][INFO] 2019-06-02 15:04:48,069: signal-2
[rospy.core][INFO] 2019-06-02 15:04:48,648: signal_shutdown [atexit]
