[rospy.client][INFO] 2019-06-02 15:06:25,625: init_node, name[/dbw_node], pid[15015]
[xmlrpc][INFO] 2019-06-02 15:06:25,629: XML-RPC server binding to 0.0.0.0:0
[xmlrpc][INFO] 2019-06-02 15:06:25,631: Started XML-RPC server [http://a917bedbf8a8:34479/]
[rospy.init][INFO] 2019-06-02 15:06:25,631: ROS Slave URI: [http://a917bedbf8a8:34479/]
[rospy.impl.masterslave][INFO] 2019-06-02 15:06:25,631: _ready: http://a917bedbf8a8:34479/
[xmlrpc][INFO] 2019-06-02 15:06:25,632: xml rpc node: starting XML-RPC server
[rospy.registration][INFO] 2019-06-02 15:06:25,635: Registering with master node http://localhost:11311
[rospy.init][INFO] 2019-06-02 15:06:25,732: registered with master
[rospy.rosout][INFO] 2019-06-02 15:06:25,732: initializing /rosout core topic
[rospy.rosout][INFO] 2019-06-02 15:06:25,744: connected to core topic /rosout
[rospy.simtime][INFO] 2019-06-02 15:06:25,747: /use_sim_time is not set, will not subscribe to simulated time [/clock] topic
[rospy.internal][INFO] 2019-06-02 15:06:25,811: topic[/twist_cmd] adding connection to [http://a917bedbf8a8:33615/], count 0
[rospy.internal][INFO] 2019-06-02 15:06:25,951: topic[/rosout] adding connection to [/rosout], count 0
[rospy.internal][INFO] 2019-06-02 15:06:26,567: topic[/vehicle/brake_cmd] adding connection to [/styx_server], count 0
[rospy.internal][INFO] 2019-06-02 15:06:26,589: topic[/vehicle/throttle_cmd] adding connection to [/styx_server], count 0
[rospy.internal][INFO] 2019-06-02 15:06:26,596: topic[/vehicle/steering_cmd] adding connection to [/styx_server], count 0
[rospy.internal][INFO] 2019-06-02 15:06:26,681: topic[/vehicle/dbw_enabled] adding connection to [http://a917bedbf8a8:35263/], count 0
[rospy.internal][INFO] 2019-06-02 15:06:26,683: topic[/current_velocity] adding connection to [http://a917bedbf8a8:35263/], count 0
[rospy.core][INFO] 2019-06-02 15:07:54,873: signal_shutdown [signal-2]
[rospy.internal][INFO] 2019-06-02 15:07:54,928: topic[/vehicle/throttle_cmd] removing connection to /styx_server
[rospy.internal][INFO] 2019-06-02 15:07:54,928: topic[/rosout] removing connection to /rosout
[rospy.internal][INFO] 2019-06-02 15:07:54,929: topic[/vehicle/steering_cmd] removing connection to /styx_server
[rospy.internal][INFO] 2019-06-02 15:07:54,932: topic[/vehicle/brake_cmd] removing connection to /styx_server
[rospy.internal][INFO] 2019-06-02 15:07:54,933: topic[/current_velocity] removing connection to http://a917bedbf8a8:35263/
[rospy.internal][INFO] 2019-06-02 15:07:54,935: topic[/twist_cmd] removing connection to http://a917bedbf8a8:33615/
[rospy.internal][INFO] 2019-06-02 15:07:54,936: topic[/vehicle/dbw_enabled] removing connection to http://a917bedbf8a8:35263/
[rospy.impl.masterslave][INFO] 2019-06-02 15:07:54,937: signal-2
[rospy.core][INFO] 2019-06-02 15:07:55,552: signal_shutdown [atexit]
