[rosmaster.main][INFO] 2019-06-02 14:27:59,677: initialization complete, waiting for shutdown
[rosmaster.main][INFO] 2019-06-02 14:27:59,677: Starting ROS Master Node
[xmlrpc][INFO] 2019-06-02 14:27:59,678: XML-RPC server binding to 0.0.0.0:11311
[xmlrpc][INFO] 2019-06-02 14:27:59,679: Started XML-RPC server [http://a917bedbf8a8:11311/]
[rosmaster.master][INFO] 2019-06-02 14:27:59,679: Master initialized: port[11311], uri[http://a917bedbf8a8:11311/]
[xmlrpc][INFO] 2019-06-02 14:27:59,679: xml rpc node: starting XML-RPC server
[rosmaster.master][INFO] 2019-06-02 14:27:59,774: +PARAM [/run_id] by /roslaunch
[rosmaster.master][INFO] 2019-06-02 14:27:59,780: +PARAM [/roslaunch/uris/host_a917bedbf8a8__40767] by /roslaunch
[rosmaster.master][INFO] 2019-06-02 14:28:00,304: +PARAM [/dbw_node/decel_limit] by /roslaunch
[rosmaster.master][INFO] 2019-06-02 14:28:00,304: +PARAM [/rosdistro] by /roslaunch
[rosmaster.master][INFO] 2019-06-02 14:28:00,304: +PARAM [/dbw_node/vehicle_mass] by /roslaunch
[rosmaster.master][INFO] 2019-06-02 14:28:00,304: +PARAM [/pure_pursuit/linear_interpolate_mode] by /roslaunch
[rosmaster.master][INFO] 2019-06-02 14:28:00,305: +PARAM [/dbw_node/wheel_radius] by /roslaunch
[rosmaster.master][INFO] 2019-06-02 14:28:00,305: +PARAM [/dbw_node/brake_deadband] by /roslaunch
[rosmaster.master][INFO] 2019-06-02 14:28:00,305: +PARAM [/waypoint_loader/path] by /roslaunch
[rosmaster.master][INFO] 2019-06-02 14:28:00,305: +PARAM [/dbw_node/steer_ratio] by /roslaunch
[rosmaster.master][INFO] 2019-06-02 14:28:00,305: +PARAM [/rosversion] by /roslaunch
[rosmaster.master][INFO] 2019-06-02 14:28:00,305: +PARAM [/dbw_node/wheel_base] by /roslaunch
[rosmaster.master][INFO] 2019-06-02 14:28:00,305: +PARAM [/dbw_node/max_steer_angle] by /roslaunch
[rosmaster.master][INFO] 2019-06-02 14:28:00,305: +PARAM [/dbw_node/max_lat_accel] by /roslaunch
[rosmaster.master][INFO] 2019-06-02 14:28:00,305: +PARAM [/dbw_node/fuel_capacity] by /roslaunch
[rosmaster.master][INFO] 2019-06-02 14:28:00,305: +PARAM [/waypoint_loader/velocity] by /roslaunch
[rosmaster.master][INFO] 2019-06-02 14:28:00,306: +PARAM [/traffic_light_config] by /roslaunch
[rosmaster.master][INFO] 2019-06-02 14:28:00,306: +PARAM [/dbw_node/accel_limit] by /roslaunch
[rosmaster.master][INFO] 2019-06-02 14:28:00,330: +SERVICE [/rosout/get_loggers] /rosout http://a917bedbf8a8:38571/
[rosmaster.master][INFO] 2019-06-02 14:28:00,332: +SERVICE [/rosout/set_logger_level] /rosout http://a917bedbf8a8:38571/
[rosmaster.master][INFO] 2019-06-02 14:28:00,337: +PUB [/rosout_agg] /rosout http://a917bedbf8a8:38571/
[rosmaster.master][INFO] 2019-06-02 14:28:00,345: +SUB [/rosout] /rosout http://a917bedbf8a8:38571/
[rosmaster.master][INFO] 2019-06-02 14:28:02,182: +PUB [/rosout] /dbw_node http://a917bedbf8a8:41429/
[rosmaster.master][INFO] 2019-06-02 14:28:02,183: publisherUpdate[/rosout] -> http://a917bedbf8a8:38571/ ['http://a917bedbf8a8:41429/']
[rosmaster.master][INFO] 2019-06-02 14:28:02,186: publisherUpdate[/rosout] -> http://a917bedbf8a8:38571/ ['http://a917bedbf8a8:41429/']: sec=0.00, result=[1, '', 0]
[rosmaster.master][INFO] 2019-06-02 14:28:02,188: +SERVICE [/dbw_node/get_loggers] /dbw_node http://a917bedbf8a8:41429/
[rosmaster.master][INFO] 2019-06-02 14:28:02,190: +SERVICE [/dbw_node/set_logger_level] /dbw_node http://a917bedbf8a8:41429/
[rosmaster.master][INFO] 2019-06-02 14:28:02,204: +PUB [/vehicle/steering_cmd] /dbw_node http://a917bedbf8a8:41429/
[rosmaster.master][INFO] 2019-06-02 14:28:02,206: +PUB [/vehicle/throttle_cmd] /dbw_node http://a917bedbf8a8:41429/
[rosmaster.master][INFO] 2019-06-02 14:28:02,208: +PUB [/vehicle/brake_cmd] /dbw_node http://a917bedbf8a8:41429/
[rosmaster.master][INFO] 2019-06-02 14:28:02,212: +SUB [/vehicle/dbw_enabled] /dbw_node http://a917bedbf8a8:41429/
[rosmaster.master][INFO] 2019-06-02 14:28:02,216: +SUB [/twist_cmd] /dbw_node http://a917bedbf8a8:41429/
[rosmaster.master][INFO] 2019-06-02 14:28:02,219: +SUB [/current_velocity] /dbw_node http://a917bedbf8a8:41429/
[rosmaster.master][INFO] 2019-06-02 14:28:02,452: +PUB [/rosout] /pure_pursuit http://a917bedbf8a8:42831/
[rosmaster.master][INFO] 2019-06-02 14:28:02,453: +SERVICE [/pure_pursuit/get_loggers] /pure_pursuit http://a917bedbf8a8:42831/
[rosmaster.master][INFO] 2019-06-02 14:28:02,455: +SERVICE [/pure_pursuit/set_logger_level] /pure_pursuit http://a917bedbf8a8:42831/
[rosmaster.master][INFO] 2019-06-02 14:28:02,461: +PUB [/twist_cmd] /pure_pursuit http://a917bedbf8a8:42831/
[rosmaster.master][INFO] 2019-06-02 14:28:02,470: +SUB [/final_waypoints] /pure_pursuit http://a917bedbf8a8:42831/
[rosmaster.master][INFO] 2019-06-02 14:28:02,479: +SUB [/current_pose] /pure_pursuit http://a917bedbf8a8:42831/
[rosmaster.master][INFO] 2019-06-02 14:28:02,484: publisherUpdate[/twist_cmd] -> http://a917bedbf8a8:41429/ ['http://a917bedbf8a8:42831/']
[rosmaster.master][INFO] 2019-06-02 14:28:02,485: publisherUpdate[/rosout] -> http://a917bedbf8a8:38571/ ['http://a917bedbf8a8:41429/', 'http://a917bedbf8a8:42831/']
[rosmaster.master][INFO] 2019-06-02 14:28:02,488: publisherUpdate[/twist_cmd] -> http://a917bedbf8a8:41429/ ['http://a917bedbf8a8:42831/']: sec=0.00, result=[1, '', 0]
[rosmaster.master][INFO] 2019-06-02 14:28:02,489: publisherUpdate[/rosout] -> http://a917bedbf8a8:38571/ ['http://a917bedbf8a8:41429/', 'http://a917bedbf8a8:42831/']: sec=0.00, result=[1, '', 0]
[rosmaster.master][INFO] 2019-06-02 14:28:02,490: +SUB [/current_velocity] /pure_pursuit http://a917bedbf8a8:42831/
[rosmaster.master][INFO] 2019-06-02 14:28:02,712: +PUB [/rosout] /styx_server http://a917bedbf8a8:36611/
[rosmaster.master][INFO] 2019-06-02 14:28:02,718: +SERVICE [/styx_server/get_loggers] /styx_server http://a917bedbf8a8:36611/
[rosmaster.master][INFO] 2019-06-02 14:28:02,720: +SERVICE [/styx_server/set_logger_level] /styx_server http://a917bedbf8a8:36611/
[rosmaster.master][INFO] 2019-06-02 14:28:02,725: +SUB [/vehicle/steering_cmd] /styx_server http://a917bedbf8a8:36611/
[rosmaster.master][INFO] 2019-06-02 14:28:02,729: +SUB [/vehicle/throttle_cmd] /styx_server http://a917bedbf8a8:36611/
[rosmaster.master][INFO] 2019-06-02 14:28:02,733: +SUB [/vehicle/brake_cmd] /styx_server http://a917bedbf8a8:36611/
[rosmaster.master][INFO] 2019-06-02 14:28:02,737: +SUB [/final_waypoints] /styx_server http://a917bedbf8a8:36611/
[rosmaster.master][INFO] 2019-06-02 14:28:02,739: +PUB [/current_pose] /styx_server http://a917bedbf8a8:36611/
[rosmaster.master][INFO] 2019-06-02 14:28:02,742: +PUB [/current_velocity] /styx_server http://a917bedbf8a8:36611/
[rosmaster.master][INFO] 2019-06-02 14:28:02,744: +PUB [/vehicle/steering_report] /styx_server http://a917bedbf8a8:36611/
[rosmaster.master][INFO] 2019-06-02 14:28:02,746: +PUB [/vehicle/throttle_report] /styx_server http://a917bedbf8a8:36611/
[rosmaster.master][INFO] 2019-06-02 14:28:02,748: +PUB [/vehicle/brake_report] /styx_server http://a917bedbf8a8:36611/
[rosmaster.master][INFO] 2019-06-02 14:28:02,749: +PUB [/vehicle/obstacle] /styx_server http://a917bedbf8a8:36611/
[rosmaster.master][INFO] 2019-06-02 14:28:02,751: +PUB [/vehicle/obstacle_points] /styx_server http://a917bedbf8a8:36611/
[rosmaster.master][INFO] 2019-06-02 14:28:02,753: +PUB [/vehicle/lidar] /styx_server http://a917bedbf8a8:36611/
[rosmaster.master][INFO] 2019-06-02 14:28:02,755: +PUB [/vehicle/traffic_lights] /styx_server http://a917bedbf8a8:36611/
[rosmaster.master][INFO] 2019-06-02 14:28:02,757: +PUB [/vehicle/dbw_enabled] /styx_server http://a917bedbf8a8:36611/
[rosmaster.master][INFO] 2019-06-02 14:28:02,759: +PUB [/image_color] /styx_server http://a917bedbf8a8:36611/
[rosmaster.master][INFO] 2019-06-02 14:28:02,787: publisherUpdate[/rosout] -> http://a917bedbf8a8:38571/ ['http://a917bedbf8a8:41429/', 'http://a917bedbf8a8:42831/', 'http://a917bedbf8a8:36611/']
[rosmaster.master][INFO] 2019-06-02 14:28:02,788: publisherUpdate[/rosout] -> http://a917bedbf8a8:38571/ ['http://a917bedbf8a8:41429/', 'http://a917bedbf8a8:42831/', 'http://a917bedbf8a8:36611/']: sec=0.00, result=[1, '', 0]
[rosmaster.master][INFO] 2019-06-02 14:28:02,788: publisherUpdate[/current_pose] -> http://a917bedbf8a8:42831/ ['http://a917bedbf8a8:36611/']
[rosmaster.master][INFO] 2019-06-02 14:28:02,789: publisherUpdate[/current_pose] -> http://a917bedbf8a8:42831/ ['http://a917bedbf8a8:36611/']: sec=0.00, result=[1, '', 0]
[rosmaster.master][INFO] 2019-06-02 14:28:02,789: publisherUpdate[/current_velocity] -> http://a917bedbf8a8:41429/ ['http://a917bedbf8a8:36611/']
[rosmaster.master][INFO] 2019-06-02 14:28:02,790: publisherUpdate[/current_velocity] -> http://a917bedbf8a8:42831/ ['http://a917bedbf8a8:36611/']
[rosmaster.master][INFO] 2019-06-02 14:28:02,792: publisherUpdate[/current_velocity] -> http://a917bedbf8a8:42831/ ['http://a917bedbf8a8:36611/']: sec=0.00, result=[1, '', 0]
[rosmaster.master][INFO] 2019-06-02 14:28:02,793: publisherUpdate[/current_velocity] -> http://a917bedbf8a8:41429/ ['http://a917bedbf8a8:36611/']: sec=0.00, result=[1, '', 0]
[rosmaster.master][INFO] 2019-06-02 14:28:02,793: publisherUpdate[/vehicle/dbw_enabled] -> http://a917bedbf8a8:41429/ ['http://a917bedbf8a8:36611/']
[rosmaster.master][INFO] 2019-06-02 14:28:02,795: publisherUpdate[/vehicle/dbw_enabled] -> http://a917bedbf8a8:41429/ ['http://a917bedbf8a8:36611/']: sec=0.00, result=[1, '', 0]
[rosmaster.master][INFO] 2019-06-02 14:28:03,694: +PUB [/rosout] /waypoint_loader http://a917bedbf8a8:39989/
[rosmaster.master][INFO] 2019-06-02 14:28:03,695: publisherUpdate[/rosout] -> http://a917bedbf8a8:38571/ ['http://a917bedbf8a8:41429/', 'http://a917bedbf8a8:42831/', 'http://a917bedbf8a8:36611/', 'http://a917bedbf8a8:39989/']
[rosmaster.master][INFO] 2019-06-02 14:28:03,697: publisherUpdate[/rosout] -> http://a917bedbf8a8:38571/ ['http://a917bedbf8a8:41429/', 'http://a917bedbf8a8:42831/', 'http://a917bedbf8a8:36611/', 'http://a917bedbf8a8:39989/']: sec=0.00, result=[1, '', 0]
[rosmaster.master][INFO] 2019-06-02 14:28:03,701: +SERVICE [/waypoint_loader/get_loggers] /waypoint_loader http://a917bedbf8a8:39989/
[rosmaster.master][INFO] 2019-06-02 14:28:03,704: +SERVICE [/waypoint_loader/set_logger_level] /waypoint_loader http://a917bedbf8a8:39989/
[rosmaster.master][INFO] 2019-06-02 14:28:03,706: +PUB [/base_waypoints] /waypoint_loader http://a917bedbf8a8:39989/
[rosmaster.master][INFO] 2019-06-02 14:28:03,773: +PUB [/rosout] /waypoint_updater http://a917bedbf8a8:40243/
[rosmaster.master][INFO] 2019-06-02 14:28:03,779: +SERVICE [/waypoint_updater/get_loggers] /waypoint_updater http://a917bedbf8a8:40243/
[rosmaster.master][INFO] 2019-06-02 14:28:03,781: +SERVICE [/waypoint_updater/set_logger_level] /waypoint_updater http://a917bedbf8a8:40243/
[rosmaster.master][INFO] 2019-06-02 14:28:03,785: +SUB [/current_pose] /waypoint_updater http://a917bedbf8a8:40243/
[rosmaster.master][INFO] 2019-06-02 14:28:03,789: +SUB [/base_waypoints] /waypoint_updater http://a917bedbf8a8:40243/
[rosmaster.master][INFO] 2019-06-02 14:28:03,793: publisherUpdate[/rosout] -> http://a917bedbf8a8:38571/ ['http://a917bedbf8a8:41429/', 'http://a917bedbf8a8:42831/', 'http://a917bedbf8a8:36611/', 'http://a917bedbf8a8:39989/', 'http://a917bedbf8a8:40243/']
[rosmaster.master][INFO] 2019-06-02 14:28:03,794: +SUB [/traffic_waypoint] /waypoint_updater http://a917bedbf8a8:40243/
[rosmaster.master][INFO] 2019-06-02 14:28:03,795: publisherUpdate[/rosout] -> http://a917bedbf8a8:38571/ ['http://a917bedbf8a8:41429/', 'http://a917bedbf8a8:42831/', 'http://a917bedbf8a8:36611/', 'http://a917bedbf8a8:39989/', 'http://a917bedbf8a8:40243/']: sec=0.00, result=[1, '', 0]
[rosmaster.master][INFO] 2019-06-02 14:28:03,799: +PUB [/final_waypoints] /waypoint_updater http://a917bedbf8a8:40243/
[rosmaster.master][INFO] 2019-06-02 14:28:03,896: publisherUpdate[/final_waypoints] -> http://a917bedbf8a8:42831/ ['http://a917bedbf8a8:40243/']
[rosmaster.master][INFO] 2019-06-02 14:28:03,897: publisherUpdate[/final_waypoints] -> http://a917bedbf8a8:36611/ ['http://a917bedbf8a8:40243/']
[rosmaster.master][INFO] 2019-06-02 14:28:03,899: publisherUpdate[/final_waypoints] -> http://a917bedbf8a8:42831/ ['http://a917bedbf8a8:40243/']: sec=0.00, result=[1, '', 0]
[rosmaster.master][INFO] 2019-06-02 14:28:03,901: publisherUpdate[/final_waypoints] -> http://a917bedbf8a8:36611/ ['http://a917bedbf8a8:40243/']: sec=0.00, result=[1, '', 0]
[rosmaster.master][INFO] 2019-06-02 14:28:05,404: +PUB [/rosout] /tl_detector http://a917bedbf8a8:36249/
[rosmaster.master][INFO] 2019-06-02 14:28:05,404: publisherUpdate[/rosout] -> http://a917bedbf8a8:38571/ ['http://a917bedbf8a8:41429/', 'http://a917bedbf8a8:42831/', 'http://a917bedbf8a8:36611/', 'http://a917bedbf8a8:39989/', 'http://a917bedbf8a8:40243/', 'http://a917bedbf8a8:36249/']
[rosmaster.master][INFO] 2019-06-02 14:28:05,409: publisherUpdate[/rosout] -> http://a917bedbf8a8:38571/ ['http://a917bedbf8a8:41429/', 'http://a917bedbf8a8:42831/', 'http://a917bedbf8a8:36611/', 'http://a917bedbf8a8:39989/', 'http://a917bedbf8a8:40243/', 'http://a917bedbf8a8:36249/']: sec=0.00, result=[1, '', 0]
[rosmaster.master][INFO] 2019-06-02 14:28:05,419: +SERVICE [/tl_detector/get_loggers] /tl_detector http://a917bedbf8a8:36249/
[rosmaster.master][INFO] 2019-06-02 14:28:05,428: +SERVICE [/tl_detector/set_logger_level] /tl_detector http://a917bedbf8a8:36249/
[rosmaster.master][INFO] 2019-06-02 14:28:05,439: +SUB [/tf] /tl_detector http://a917bedbf8a8:36249/
[rosmaster.master][INFO] 2019-06-02 14:28:05,448: +SUB [/tf_static] /tl_detector http://a917bedbf8a8:36249/
[rosmaster.master][INFO] 2019-06-02 14:28:06,968: +SUB [/current_pose] /tl_detector http://a917bedbf8a8:36249/
[rosmaster.master][INFO] 2019-06-02 14:28:06,972: +SUB [/base_waypoints] /tl_detector http://a917bedbf8a8:36249/
[rosmaster.master][INFO] 2019-06-02 14:28:06,975: +SUB [/vehicle/traffic_lights] /tl_detector http://a917bedbf8a8:36249/
[rosmaster.master][INFO] 2019-06-02 14:28:06,980: +SUB [/image_color] /tl_detector http://a917bedbf8a8:36249/
[rosmaster.master][INFO] 2019-06-02 14:28:06,985: +PUB [/traffic_waypoint] /tl_detector http://a917bedbf8a8:36249/
[rosmaster.master][INFO] 2019-06-02 14:28:07,006: publisherUpdate[/traffic_waypoint] -> http://a917bedbf8a8:40243/ ['http://a917bedbf8a8:36249/']
[rosmaster.master][INFO] 2019-06-02 14:28:07,008: publisherUpdate[/traffic_waypoint] -> http://a917bedbf8a8:40243/ ['http://a917bedbf8a8:36249/']: sec=0.00, result=[1, '', 0]
[rosmaster.master][INFO] 2019-06-02 14:28:17,538: +PUB [/tf] /styx_server http://a917bedbf8a8:36611/
[rosmaster.master][INFO] 2019-06-02 14:28:17,634: publisherUpdate[/tf] -> http://a917bedbf8a8:36249/ ['http://a917bedbf8a8:36611/']
[rosmaster.master][INFO] 2019-06-02 14:28:17,636: publisherUpdate[/tf] -> http://a917bedbf8a8:36249/ ['http://a917bedbf8a8:36611/']: sec=0.00, result=[1, '', 0]
[rosmaster.master][INFO] 2019-06-02 14:29:10,813: -SUB [/base_waypoints] /tl_detector http://a917bedbf8a8:36249/
[rosmaster.master][INFO] 2019-06-02 14:29:10,814: -SUB [/current_pose] /tl_detector http://a917bedbf8a8:36249/
[rosmaster.master][INFO] 2019-06-02 14:29:10,814: -SUB [/tf_static] /tl_detector http://a917bedbf8a8:36249/
[rosmaster.master][INFO] 2019-06-02 14:29:10,814: -SUB [/tf] /tl_detector http://a917bedbf8a8:36249/
[rosmaster.master][INFO] 2019-06-02 14:29:10,814: -SUB [/vehicle/traffic_lights] /tl_detector http://a917bedbf8a8:36249/
[rosmaster.master][INFO] 2019-06-02 14:29:10,815: -SUB [/image_color] /tl_detector http://a917bedbf8a8:36249/
[rosmaster.master][INFO] 2019-06-02 14:29:10,815: -PUB [/rosout] /tl_detector http://a917bedbf8a8:36249/
[rosmaster.master][INFO] 2019-06-02 14:29:10,815: -PUB [/traffic_waypoint] /tl_detector http://a917bedbf8a8:36249/
[rosmaster.master][INFO] 2019-06-02 14:29:10,815: -SERVICE [/tl_detector/set_logger_level] /tl_detector rosrpc://a917bedbf8a8:44847
[rosmaster.master][INFO] 2019-06-02 14:29:10,815: -SERVICE [/tl_detector/get_loggers] /tl_detector rosrpc://a917bedbf8a8:44847
[rosmaster.master][INFO] 2019-06-02 14:29:10,819: -SUB [/traffic_waypoint] /waypoint_updater http://a917bedbf8a8:40243/
[rosmaster.master][INFO] 2019-06-02 14:29:10,820: -SUB [/base_waypoints] /waypoint_updater http://a917bedbf8a8:40243/
[rosmaster.master][INFO] 2019-06-02 14:29:10,820: -SUB [/current_pose] /waypoint_updater http://a917bedbf8a8:40243/
[rosmaster.master][INFO] 2019-06-02 14:29:10,820: -PUB [/final_waypoints] /waypoint_updater http://a917bedbf8a8:40243/
[rosmaster.master][INFO] 2019-06-02 14:29:10,821: -PUB [/rosout] /waypoint_updater http://a917bedbf8a8:40243/
[rosmaster.master][INFO] 2019-06-02 14:29:10,821: -SERVICE [/waypoint_updater/set_logger_level] /waypoint_updater rosrpc://a917bedbf8a8:37539
[rosmaster.master][INFO] 2019-06-02 14:29:10,821: -SERVICE [/waypoint_updater/get_loggers] /waypoint_updater rosrpc://a917bedbf8a8:37539
[rosmaster.master][INFO] 2019-06-02 14:29:10,829: -PUB [/rosout] /waypoint_loader http://a917bedbf8a8:39989/
[rosmaster.master][INFO] 2019-06-02 14:29:10,829: -PUB [/base_waypoints] /waypoint_loader http://a917bedbf8a8:39989/
[rosmaster.master][INFO] 2019-06-02 14:29:10,830: -SERVICE [/waypoint_loader/set_logger_level] /waypoint_loader rosrpc://a917bedbf8a8:41547
[rosmaster.master][INFO] 2019-06-02 14:29:10,830: -SERVICE [/waypoint_loader/get_loggers] /waypoint_loader rosrpc://a917bedbf8a8:41547
[rosmaster.master][INFO] 2019-06-02 14:29:10,841: publisherUpdate[/rosout] -> http://a917bedbf8a8:38571/ ['http://a917bedbf8a8:41429/', 'http://a917bedbf8a8:42831/', 'http://a917bedbf8a8:36611/', 'http://a917bedbf8a8:39989/', 'http://a917bedbf8a8:40243/']
[rosmaster.master][INFO] 2019-06-02 14:29:10,843: publisherUpdate[/rosout] -> http://a917bedbf8a8:38571/ ['http://a917bedbf8a8:41429/', 'http://a917bedbf8a8:42831/', 'http://a917bedbf8a8:36611/', 'http://a917bedbf8a8:39989/', 'http://a917bedbf8a8:40243/']: sec=0.00, result=[1, '', 0]
[rosmaster.master][INFO] 2019-06-02 14:29:10,843: publisherUpdate[/traffic_waypoint] -> http://a917bedbf8a8:40243/ []
[rosmaster.master][INFO] 2019-06-02 14:29:10,845: publisherUpdate[/final_waypoints] -> http://a917bedbf8a8:42831/ []
[rosmaster.master][INFO] 2019-06-02 14:29:10,850: -SUB [/current_velocity] /dbw_node http://a917bedbf8a8:41429/
[rosmaster.master][INFO] 2019-06-02 14:29:10,850: -SUB [/twist_cmd] /dbw_node http://a917bedbf8a8:41429/
[rosmaster.master][INFO] 2019-06-02 14:29:10,851: -SUB [/vehicle/dbw_enabled] /dbw_node http://a917bedbf8a8:41429/
[rosmaster.master][INFO] 2019-06-02 14:29:10,851: -PUB [/vehicle/throttle_cmd] /dbw_node http://a917bedbf8a8:41429/
[rosmaster.master][INFO] 2019-06-02 14:29:10,851: -PUB [/rosout] /dbw_node http://a917bedbf8a8:41429/
[rosmaster.master][INFO] 2019-06-02 14:29:10,851: -PUB [/vehicle/steering_cmd] /dbw_node http://a917bedbf8a8:41429/
[rosmaster.master][INFO] 2019-06-02 14:29:10,852: -PUB [/vehicle/brake_cmd] /dbw_node http://a917bedbf8a8:41429/
[rosmaster.master][INFO] 2019-06-02 14:29:10,852: -SERVICE [/dbw_node/set_logger_level] /dbw_node rosrpc://a917bedbf8a8:36733
[rosmaster.master][INFO] 2019-06-02 14:29:10,852: -SERVICE [/dbw_node/get_loggers] /dbw_node rosrpc://a917bedbf8a8:36733
[rosmaster.master][INFO] 2019-06-02 14:29:10,855: publisherUpdate[/final_waypoints] -> http://a917bedbf8a8:42831/ []: sec=0.01, result=[1, '', 0]
[rosmaster.master][INFO] 2019-06-02 14:29:10,856: publisherUpdate[/final_waypoints] -> http://a917bedbf8a8:36611/ []
[rosmaster.master][INFO] 2019-06-02 14:29:10,857: publisherUpdate[/final_waypoints] -> http://a917bedbf8a8:36611/ []: sec=0.00, exception=[Errno 111] Connection refused
[rosmaster.master][INFO] 2019-06-02 14:29:10,859: publisherUpdate[/rosout] -> http://a917bedbf8a8:38571/ ['http://a917bedbf8a8:41429/', 'http://a917bedbf8a8:42831/', 'http://a917bedbf8a8:36611/', 'http://a917bedbf8a8:39989/']
[rosmaster.threadpool][ERROR] 2019-06-02 14:29:10,862: Traceback (most recent call last):
  File "/opt/ros/kinetic/lib/python2.7/dist-packages/rosmaster/threadpool.py", line 218, in run
    result = cmd(*args)
  File "/opt/ros/kinetic/lib/python2.7/dist-packages/rosmaster/master_api.py", line 210, in publisher_update_task
    ret = xmlrpcapi(api).publisherUpdate('/master', topic, pub_uris)
  File "/usr/lib/python2.7/xmlrpclib.py", line 1243, in __call__
    return self.__send(self.__name, args)
  File "/usr/lib/python2.7/xmlrpclib.py", line 1602, in __request
    verbose=self.__verbose
  File "/usr/lib/python2.7/xmlrpclib.py", line 1283, in request
    return self.single_request(host, handler, request_body, verbose)
  File "/usr/lib/python2.7/xmlrpclib.py", line 1311, in single_request
    self.send_content(h, request_body)
  File "/usr/lib/python2.7/xmlrpclib.py", line 1459, in send_content
    connection.endheaders(request_body)
  File "/usr/lib/python2.7/httplib.py", line 1053, in endheaders
    self._send_output(message_body)
  File "/usr/lib/python2.7/httplib.py", line 897, in _send_output
    self.send(msg)
  File "/usr/lib/python2.7/httplib.py", line 859, in send
    self.connect()
  File "/usr/lib/python2.7/httplib.py", line 836, in connect
    self.timeout, self.source_address)
  File "/usr/lib/python2.7/socket.py", line 575, in create_connection
    raise err
error: [Errno 111] Connection refused

[rosmaster.master][INFO] 2019-06-02 14:29:10,863: publisherUpdate[/rosout] -> http://a917bedbf8a8:38571/ ['http://a917bedbf8a8:41429/', 'http://a917bedbf8a8:42831/', 'http://a917bedbf8a8:36611/', 'http://a917bedbf8a8:39989/']: sec=0.00, result=[1, '', 0]
[rosmaster.master][INFO] 2019-06-02 14:29:10,868: publisherUpdate[/rosout] -> http://a917bedbf8a8:38571/ ['http://a917bedbf8a8:41429/', 'http://a917bedbf8a8:42831/', 'http://a917bedbf8a8:36611/']
[rosmaster.master][INFO] 2019-06-02 14:29:10,865: publisherUpdate[/vehicle/throttle_cmd] -> http://a917bedbf8a8:36611/ []
[rosmaster.master][INFO] 2019-06-02 14:29:10,871: publisherUpdate[/vehicle/throttle_cmd] -> http://a917bedbf8a8:36611/ []: sec=0.00, exception=[Errno 111] Connection refused
[rosmaster.threadpool][ERROR] 2019-06-02 14:29:10,873: Traceback (most recent call last):
  File "/opt/ros/kinetic/lib/python2.7/dist-packages/rosmaster/threadpool.py", line 218, in run
    result = cmd(*args)
  File "/opt/ros/kinetic/lib/python2.7/dist-packages/rosmaster/master_api.py", line 210, in publisher_update_task
    ret = xmlrpcapi(api).publisherUpdate('/master', topic, pub_uris)
  File "/usr/lib/python2.7/xmlrpclib.py", line 1243, in __call__
    return self.__send(self.__name, args)
  File "/usr/lib/python2.7/xmlrpclib.py", line 1602, in __request
    verbose=self.__verbose
  File "/usr/lib/python2.7/xmlrpclib.py", line 1283, in request
    return self.single_request(host, handler, request_body, verbose)
  File "/usr/lib/python2.7/xmlrpclib.py", line 1311, in single_request
    self.send_content(h, request_body)
  File "/usr/lib/python2.7/xmlrpclib.py", line 1459, in send_content
    connection.endheaders(request_body)
  File "/usr/lib/python2.7/httplib.py", line 1053, in endheaders
    self._send_output(message_body)
  File "/usr/lib/python2.7/httplib.py", line 897, in _send_output
    self.send(msg)
  File "/usr/lib/python2.7/httplib.py", line 859, in send
    self.connect()
  File "/usr/lib/python2.7/httplib.py", line 836, in connect
    self.timeout, self.source_address)
  File "/usr/lib/python2.7/socket.py", line 575, in create_connection
    raise err
error: [Errno 111] Connection refused

[rosmaster.master][INFO] 2019-06-02 14:29:10,873: publisherUpdate[/vehicle/steering_cmd] -> http://a917bedbf8a8:36611/ []
[rosmaster.master][INFO] 2019-06-02 14:29:10,872: publisherUpdate[/rosout] -> http://a917bedbf8a8:38571/ ['http://a917bedbf8a8:41429/', 'http://a917bedbf8a8:42831/', 'http://a917bedbf8a8:36611/']: sec=0.00, result=[1, '', 0]
[rosmaster.master][INFO] 2019-06-02 14:29:10,875: publisherUpdate[/vehicle/steering_cmd] -> http://a917bedbf8a8:36611/ []: sec=0.00, exception=[Errno 111] Connection refused
[rosmaster.master][INFO] 2019-06-02 14:29:10,877: publisherUpdate[/rosout] -> http://a917bedbf8a8:38571/ ['http://a917bedbf8a8:42831/', 'http://a917bedbf8a8:36611/']
[rosmaster.threadpool][ERROR] 2019-06-02 14:29:10,884: Traceback (most recent call last):
  File "/opt/ros/kinetic/lib/python2.7/dist-packages/rosmaster/threadpool.py", line 218, in run
    result = cmd(*args)
  File "/opt/ros/kinetic/lib/python2.7/dist-packages/rosmaster/master_api.py", line 210, in publisher_update_task
    ret = xmlrpcapi(api).publisherUpdate('/master', topic, pub_uris)
  File "/usr/lib/python2.7/xmlrpclib.py", line 1243, in __call__
    return self.__send(self.__name, args)
  File "/usr/lib/python2.7/xmlrpclib.py", line 1602, in __request
    verbose=self.__verbose
  File "/usr/lib/python2.7/xmlrpclib.py", line 1283, in request
    return self.single_request(host, handler, request_body, verbose)
  File "/usr/lib/python2.7/xmlrpclib.py", line 1311, in single_request
    self.send_content(h, request_body)
  File "/usr/lib/python2.7/xmlrpclib.py", line 1459, in send_content
    connection.endheaders(request_body)
  File "/usr/lib/python2.7/httplib.py", line 1053, in endheaders
    self._send_output(message_body)
  File "/usr/lib/python2.7/httplib.py", line 897, in _send_output
    self.send(msg)
  File "/usr/lib/python2.7/httplib.py", line 859, in send
    self.connect()
  File "/usr/lib/python2.7/httplib.py", line 836, in connect
    self.timeout, self.source_address)
  File "/usr/lib/python2.7/socket.py", line 575, in create_connection
    raise err
error: [Errno 111] Connection refused

[rosmaster.master][INFO] 2019-06-02 14:29:10,884: publisherUpdate[/vehicle/brake_cmd] -> http://a917bedbf8a8:36611/ []
[rosmaster.master][INFO] 2019-06-02 14:29:10,886: publisherUpdate[/rosout] -> http://a917bedbf8a8:38571/ ['http://a917bedbf8a8:42831/', 'http://a917bedbf8a8:36611/']: sec=0.01, result=[1, '', 0]
[rosmaster.master][INFO] 2019-06-02 14:29:10,887: publisherUpdate[/vehicle/brake_cmd] -> http://a917bedbf8a8:36611/ []: sec=0.00, exception=[Errno 111] Connection refused
[rosmaster.threadpool][ERROR] 2019-06-02 14:29:10,887: Traceback (most recent call last):
  File "/opt/ros/kinetic/lib/python2.7/dist-packages/rosmaster/threadpool.py", line 218, in run
    result = cmd(*args)
  File "/opt/ros/kinetic/lib/python2.7/dist-packages/rosmaster/master_api.py", line 210, in publisher_update_task
    ret = xmlrpcapi(api).publisherUpdate('/master', topic, pub_uris)
  File "/usr/lib/python2.7/xmlrpclib.py", line 1243, in __call__
    return self.__send(self.__name, args)
  File "/usr/lib/python2.7/xmlrpclib.py", line 1602, in __request
    verbose=self.__verbose
  File "/usr/lib/python2.7/xmlrpclib.py", line 1283, in request
    return self.single_request(host, handler, request_body, verbose)
  File "/usr/lib/python2.7/xmlrpclib.py", line 1311, in single_request
    self.send_content(h, request_body)
  File "/usr/lib/python2.7/xmlrpclib.py", line 1459, in send_content
    connection.endheaders(request_body)
  File "/usr/lib/python2.7/httplib.py", line 1053, in endheaders
    self._send_output(message_body)
  File "/usr/lib/python2.7/httplib.py", line 897, in _send_output
    self.send(msg)
  File "/usr/lib/python2.7/httplib.py", line 859, in send
    self.connect()
  File "/usr/lib/python2.7/httplib.py", line 836, in connect
    self.timeout, self.source_address)
  File "/usr/lib/python2.7/socket.py", line 575, in create_connection
    raise err
error: [Errno 111] Connection refused

[rosmaster.master][INFO] 2019-06-02 14:29:10,956: -PUB [/rosout] /pure_pursuit http://a917bedbf8a8:42831/
[rosmaster.master][INFO] 2019-06-02 14:29:10,958: -PUB [/twist_cmd] /pure_pursuit http://a917bedbf8a8:42831/
[rosmaster.master][INFO] 2019-06-02 14:29:10,960: -SUB [/final_waypoints] /pure_pursuit http://a917bedbf8a8:42831/
[rosmaster.master][INFO] 2019-06-02 14:29:10,963: -SUB [/current_pose] /pure_pursuit http://a917bedbf8a8:42831/
[rosmaster.master][INFO] 2019-06-02 14:29:10,965: -SUB [/current_velocity] /pure_pursuit http://a917bedbf8a8:42831/
[rosmaster.master][INFO] 2019-06-02 14:29:10,968: -SERVICE [/pure_pursuit/get_loggers] /pure_pursuit rosrpc://a917bedbf8a8:55377
[rosmaster.master][INFO] 2019-06-02 14:29:10,970: -SERVICE [/pure_pursuit/set_logger_level] /pure_pursuit rosrpc://a917bedbf8a8:55377
[rosmaster.master][INFO] 2019-06-02 14:29:10,987: publisherUpdate[/rosout] -> http://a917bedbf8a8:38571/ ['http://a917bedbf8a8:36611/']
[rosmaster.master][INFO] 2019-06-02 14:29:10,989: publisherUpdate[/rosout] -> http://a917bedbf8a8:38571/ ['http://a917bedbf8a8:36611/']: sec=0.00, result=[1, '', 0]
[rosmaster.master][INFO] 2019-06-02 14:29:11,012: publisherUpdate[/traffic_waypoint] -> http://a917bedbf8a8:40243/ []: sec=0.17, exception=[Errno 111] Connection refused
[rosmaster.threadpool][ERROR] 2019-06-02 14:29:11,013: Traceback (most recent call last):
  File "/opt/ros/kinetic/lib/python2.7/dist-packages/rosmaster/threadpool.py", line 218, in run
    result = cmd(*args)
  File "/opt/ros/kinetic/lib/python2.7/dist-packages/rosmaster/master_api.py", line 210, in publisher_update_task
    ret = xmlrpcapi(api).publisherUpdate('/master', topic, pub_uris)
  File "/usr/lib/python2.7/xmlrpclib.py", line 1243, in __call__
    return self.__send(self.__name, args)
  File "/usr/lib/python2.7/xmlrpclib.py", line 1602, in __request
    verbose=self.__verbose
  File "/usr/lib/python2.7/xmlrpclib.py", line 1283, in request
    return self.single_request(host, handler, request_body, verbose)
  File "/usr/lib/python2.7/xmlrpclib.py", line 1311, in single_request
    self.send_content(h, request_body)
  File "/usr/lib/python2.7/xmlrpclib.py", line 1459, in send_content
    connection.endheaders(request_body)
  File "/usr/lib/python2.7/httplib.py", line 1053, in endheaders
    self._send_output(message_body)
  File "/usr/lib/python2.7/httplib.py", line 897, in _send_output
    self.send(msg)
  File "/usr/lib/python2.7/httplib.py", line 859, in send
    self.connect()
  File "/usr/lib/python2.7/httplib.py", line 836, in connect
    self.timeout, self.source_address)
  File "/usr/lib/python2.7/socket.py", line 575, in create_connection
    raise err
error: [Errno 111] Connection refused

[rosmaster.master][INFO] 2019-06-02 14:29:28,129: -PUB [/rosout_agg] /rosout http://a917bedbf8a8:38571/
[rosmaster.master][INFO] 2019-06-02 14:29:28,130: -SUB [/rosout] /rosout http://a917bedbf8a8:38571/
[rosmaster.master][INFO] 2019-06-02 14:29:28,132: -SERVICE [/rosout/get_loggers] /rosout rosrpc://a917bedbf8a8:35933
[rosmaster.master][INFO] 2019-06-02 14:29:28,134: -SERVICE [/rosout/set_logger_level] /rosout rosrpc://a917bedbf8a8:35933
[rosmaster.main][INFO] 2019-06-02 14:29:28,175: keyboard interrupt, will exit
[rosmaster.main][INFO] 2019-06-02 14:29:28,176: stopping master...
[rospy.core][INFO] 2019-06-02 14:29:28,176: signal_shutdown [atexit]
