[rospy.client][INFO] 2019-06-02 14:28:05,291: init_node, name[/tl_detector], pid[9874]
[xmlrpc][INFO] 2019-06-02 14:28:05,292: XML-RPC server binding to 0.0.0.0:0
[xmlrpc][INFO] 2019-06-02 14:28:05,294: Started XML-RPC server [http://a917bedbf8a8:36249/]
[rospy.init][INFO] 2019-06-02 14:28:05,294: ROS Slave URI: [http://a917bedbf8a8:36249/]
[rospy.impl.masterslave][INFO] 2019-06-02 14:28:05,295: _ready: http://a917bedbf8a8:36249/
[rospy.registration][INFO] 2019-06-02 14:28:05,297: Registering with master node http://localhost:11311
[xmlrpc][INFO] 2019-06-02 14:28:05,298: xml rpc node: starting XML-RPC server
[rospy.init][INFO] 2019-06-02 14:28:05,396: registered with master
[rospy.rosout][INFO] 2019-06-02 14:28:05,396: initializing /rosout core topic
[rospy.rosout][INFO] 2019-06-02 14:28:05,407: connected to core topic /rosout
[rospy.simtime][INFO] 2019-06-02 14:28:05,413: /use_sim_time is not set, will not subscribe to simulated time [/clock] topic
[rospy.internal][INFO] 2019-06-02 14:28:05,612: topic[/rosout] adding connection to [/rosout], count 0
[rospy.internal][INFO] 2019-06-02 14:28:06,979: topic[/base_waypoints] adding connection to [http://a917bedbf8a8:39989/], count 0
[rospy.internal][INFO] 2019-06-02 14:28:06,986: topic[/vehicle/traffic_lights] adding connection to [http://a917bedbf8a8:36611/], count 0
[rospy.internal][INFO] 2019-06-02 14:28:06,993: topic[/image_color] adding connection to [http://a917bedbf8a8:36611/], count 0
[rospy.internal][INFO] 2019-06-02 14:28:06,995: topic[/current_pose] adding connection to [http://a917bedbf8a8:36611/], count 0
[rospy.internal][INFO] 2019-06-02 14:28:07,031: topic[/traffic_waypoint] adding connection to [/waypoint_updater], count 0
[rospy.internal][INFO] 2019-06-02 14:28:17,665: topic[/tf] adding connection to [http://a917bedbf8a8:36611/], count 0
[rosout][INFO] 2019-06-02 14:28:19,490: image received
[rosout][INFO] 2019-06-02 14:28:19,952: image received
[rosout][INFO] 2019-06-02 14:28:20,492: image received
[rosout][INFO] 2019-06-02 14:28:20,974: image received
[rosout][INFO] 2019-06-02 14:28:21,511: image received
[rosout][INFO] 2019-06-02 14:28:21,968: image received
[rosout][INFO] 2019-06-02 14:28:22,487: image received
[rosout][INFO] 2019-06-02 14:28:22,975: image received
[rosout][INFO] 2019-06-02 14:28:23,533: image received
[rosout][INFO] 2019-06-02 14:28:24,071: image received
[rosout][INFO] 2019-06-02 14:28:24,561: image received
[rosout][INFO] 2019-06-02 14:28:25,072: image received
[rosout][INFO] 2019-06-02 14:28:25,654: image received
[rosout][INFO] 2019-06-02 14:28:26,179: image received
[rosout][INFO] 2019-06-02 14:28:26,689: image received
[rosout][INFO] 2019-06-02 14:28:27,217: image received
[rosout][INFO] 2019-06-02 14:28:27,697: image received
[rosout][INFO] 2019-06-02 14:28:28,244: image received
[rosout][INFO] 2019-06-02 14:28:28,745: image received
[rosout][INFO] 2019-06-02 14:28:29,270: image received
[rosout][INFO] 2019-06-02 14:28:29,746: image received
[rosout][INFO] 2019-06-02 14:28:30,248: image received
[rosout][INFO] 2019-06-02 14:28:30,725: image received
[rosout][INFO] 2019-06-02 14:28:31,271: image received
[rosout][INFO] 2019-06-02 14:28:31,786: image received
[rosout][INFO] 2019-06-02 14:28:32,328: image received
[rosout][INFO] 2019-06-02 14:28:32,826: image received
[rosout][INFO] 2019-06-02 14:28:33,365: image received
[rosout][INFO] 2019-06-02 14:28:33,892: image received
[rosout][INFO] 2019-06-02 14:28:34,397: image received
[rosout][INFO] 2019-06-02 14:28:34,870: image received
[rosout][INFO] 2019-06-02 14:28:35,398: image received
[rosout][INFO] 2019-06-02 14:28:35,897: image received
[rosout][INFO] 2019-06-02 14:28:36,416: image received
[rosout][INFO] 2019-06-02 14:28:36,841: image received
[rosout][INFO] 2019-06-02 14:28:37,386: image received
[rosout][INFO] 2019-06-02 14:28:37,869: image received
[rosout][INFO] 2019-06-02 14:28:38,388: image received
[rosout][INFO] 2019-06-02 14:28:38,901: image received
[rosout][INFO] 2019-06-02 14:28:39,400: image received
[rosout][INFO] 2019-06-02 14:28:39,856: image received
[rosout][INFO] 2019-06-02 14:28:40,401: image received
[rosout][INFO] 2019-06-02 14:28:40,910: image received
[rosout][INFO] 2019-06-02 14:28:41,448: image received
[rosout][INFO] 2019-06-02 14:28:41,954: image received
[rosout][INFO] 2019-06-02 14:28:42,476: image received
[rosout][INFO] 2019-06-02 14:28:42,975: image received
[rosout][INFO] 2019-06-02 14:28:43,391: image received
[rosout][INFO] 2019-06-02 14:28:43,802: image received
[rosout][INFO] 2019-06-02 14:28:44,189: image received
[rosout][INFO] 2019-06-02 14:28:44,546: image received
[rosout][INFO] 2019-06-02 14:28:44,934: image received
[rosout][INFO] 2019-06-02 14:28:45,497: image received
[rosout][INFO] 2019-06-02 14:28:46,079: image received
[rosout][INFO] 2019-06-02 14:28:46,465: image received
[rosout][INFO] 2019-06-02 14:28:47,025: image received
[rosout][INFO] 2019-06-02 14:28:47,562: image received
[rosout][INFO] 2019-06-02 14:28:48,083: image received
[rosout][INFO] 2019-06-02 14:28:48,478: image received
[rosout][INFO] 2019-06-02 14:28:49,074: image received
[rosout][INFO] 2019-06-02 14:28:49,447: image received
[rosout][INFO] 2019-06-02 14:28:49,936: image received
[rosout][INFO] 2019-06-02 14:28:50,446: image received
[rosout][INFO] 2019-06-02 14:28:50,912: image received
[rosout][INFO] 2019-06-02 14:28:51,433: image received
[rosout][INFO] 2019-06-02 14:28:51,953: image received
[rosout][INFO] 2019-06-02 14:28:52,448: image received
[rosout][INFO] 2019-06-02 14:28:52,986: image received
[rosout][INFO] 2019-06-02 14:28:53,417: image received
[rosout][INFO] 2019-06-02 14:28:53,932: image received
[rosout][INFO] 2019-06-02 14:28:54,431: image received
[rosout][INFO] 2019-06-02 14:28:54,972: image received
[rosout][INFO] 2019-06-02 14:28:55,469: image received
[rosout][INFO] 2019-06-02 14:28:55,936: image received
[rosout][INFO] 2019-06-02 14:28:56,420: image received
[rosout][INFO] 2019-06-02 14:28:56,945: image received
[rosout][INFO] 2019-06-02 14:28:57,421: image received
[rosout][INFO] 2019-06-02 14:28:57,948: image received
[rosout][INFO] 2019-06-02 14:28:58,452: image received
[rosout][INFO] 2019-06-02 14:28:58,943: image received
[rosout][INFO] 2019-06-02 14:28:59,445: image received
[rosout][INFO] 2019-06-02 14:28:59,959: image received
[rosout][INFO] 2019-06-02 14:29:00,466: image received
[rosout][INFO] 2019-06-02 14:29:00,962: image received
[rosout][INFO] 2019-06-02 14:29:01,439: image received
[rosout][INFO] 2019-06-02 14:29:01,974: image received
[rosout][INFO] 2019-06-02 14:29:02,511: image received
[rosout][INFO] 2019-06-02 14:29:03,028: image received
[rosout][INFO] 2019-06-02 14:29:03,472: image received
[rosout][INFO] 2019-06-02 14:29:03,961: image received
[rosout][INFO] 2019-06-02 14:29:04,456: image received
[rosout][INFO] 2019-06-02 14:29:04,951: image received
[rosout][INFO] 2019-06-02 14:29:05,446: image received
[rosout][INFO] 2019-06-02 14:29:05,957: image received
[rosout][INFO] 2019-06-02 14:29:06,471: image received
[rospy.core][INFO] 2019-06-02 14:29:10,810: signal_shutdown [signal-2]
[rospy.internal][INFO] 2019-06-02 14:29:10,818: topic[/rosout] removing connection to /rosout
[rospy.internal][INFO] 2019-06-02 14:29:10,819: topic[/traffic_waypoint] removing connection to /waypoint_updater
[rospy.internal][INFO] 2019-06-02 14:29:10,819: topic[/base_waypoints] removing connection to http://a917bedbf8a8:39989/
[rospy.internal][INFO] 2019-06-02 14:29:10,822: topic[/current_pose] removing connection to http://a917bedbf8a8:36611/
[rospy.internal][INFO] 2019-06-02 14:29:10,823: topic[/tf] removing connection to http://a917bedbf8a8:36611/
[rospy.internal][WARNING] 2019-06-02 14:29:10,839: Unknown error initiating TCP/IP socket to a917bedbf8a8:38579 (http://a917bedbf8a8:36611/): Traceback (most recent call last):
  File "/opt/ros/kinetic/lib/python2.7/dist-packages/rospy/impl/tcpros_base.py", line 557, in connect
    self.read_header()
  File "/opt/ros/kinetic/lib/python2.7/dist-packages/rospy/impl/tcpros_base.py", line 650, in read_header
    self._validate_header(read_ros_handshake_header(sock, self.read_buff, self.protocol.buff_size))
  File "/opt/ros/kinetic/lib/python2.7/dist-packages/rosgraph/network.py", line 364, in read_ros_handshake_header
    raise ROSHandshakeException("connection from sender terminated before handshake header received. %s bytes were received. Please check sender for additional details."%b.tell())
ROSHandshakeException: connection from sender terminated before handshake header received. 0 bytes were received. Please check sender for additional details.

[rospy.internal][INFO] 2019-06-02 14:29:10,839: topic[/vehicle/traffic_lights] removing connection to http://a917bedbf8a8:36611/
[rospy.internal][INFO] 2019-06-02 14:29:10,839: topic[/vehicle/traffic_lights] removing connection to http://a917bedbf8a8:36611/
[rospy.topics][ERROR] 2019-06-02 14:29:10,840: Traceback (most recent call last):
  File "/opt/ros/kinetic/lib/python2.7/dist-packages/rospy/topics.py", line 326, in close
    c.close()
  File "/opt/ros/kinetic/lib/python2.7/dist-packages/rospy/impl/tcpros_base.py", line 838, in close
    self.socket.close()
AttributeError: 'NoneType' object has no attribute 'close'

[rospy.internal][WARNING] 2019-06-02 14:29:10,844: Unknown error initiating TCP/IP socket to a917bedbf8a8:38579 (http://a917bedbf8a8:36611/): Traceback (most recent call last):
  File "/opt/ros/kinetic/lib/python2.7/dist-packages/rospy/impl/tcpros_base.py", line 557, in connect
    self.read_header()
  File "/opt/ros/kinetic/lib/python2.7/dist-packages/rospy/impl/tcpros_base.py", line 650, in read_header
    self._validate_header(read_ros_handshake_header(sock, self.read_buff, self.protocol.buff_size))
  File "/opt/ros/kinetic/lib/python2.7/dist-packages/rosgraph/network.py", line 364, in read_ros_handshake_header
    raise ROSHandshakeException("connection from sender terminated before handshake header received. %s bytes were received. Please check sender for additional details."%b.tell())
ROSHandshakeException: connection from sender terminated before handshake header received. 0 bytes were received. Please check sender for additional details.

[rospy.internal][INFO] 2019-06-02 14:29:10,845: topic[/image_color] removing connection to http://a917bedbf8a8:36611/
[rospy.internal][INFO] 2019-06-02 14:29:10,845: topic[/image_color] removing connection to http://a917bedbf8a8:36611/
[rospy.topics][ERROR] 2019-06-02 14:29:10,845: Traceback (most recent call last):
  File "/opt/ros/kinetic/lib/python2.7/dist-packages/rospy/topics.py", line 326, in close
    c.close()
  File "/opt/ros/kinetic/lib/python2.7/dist-packages/rospy/impl/tcpros_base.py", line 838, in close
    self.socket.close()
AttributeError: 'NoneType' object has no attribute 'close'

[rospy.impl.masterslave][INFO] 2019-06-02 14:29:10,846: signal-2
[rospy.core][INFO] 2019-06-02 14:29:11,037: signal_shutdown [atexit]
