[rospy.client][INFO] 2019-06-02 14:28:03,580: init_node, name[/waypoint_loader], pid[9746]
[xmlrpc][INFO] 2019-06-02 14:28:03,589: XML-RPC server binding to 0.0.0.0:0
[rospy.init][INFO] 2019-06-02 14:28:03,590: ROS Slave URI: [http://a917bedbf8a8:39989/]
[xmlrpc][INFO] 2019-06-02 14:28:03,590: Started XML-RPC server [http://a917bedbf8a8:39989/]
[rospy.impl.masterslave][INFO] 2019-06-02 14:28:03,590: _ready: http://a917bedbf8a8:39989/
[xmlrpc][INFO] 2019-06-02 14:28:03,592: xml rpc node: starting XML-RPC server
[rospy.registration][INFO] 2019-06-02 14:28:03,593: Registering with master node http://localhost:11311
[rospy.init][INFO] 2019-06-02 14:28:03,690: registered with master
[rospy.rosout][INFO] 2019-06-02 14:28:03,691: initializing /rosout core topic
[rospy.rosout][INFO] 2019-06-02 14:28:03,695: connected to core topic /rosout
[rospy.simtime][INFO] 2019-06-02 14:28:03,699: /use_sim_time is not set, will not subscribe to simulated time [/clock] topic
[rosout][DEBUG] 2019-06-02 14:28:03,699: init_node, name[/waypoint_loader], pid[9746]
[rosout][DEBUG] 2019-06-02 14:28:03,699: binding to 0.0.0.0 0
[rosout][DEBUG] 2019-06-02 14:28:03,699: bound to 0.0.0.0 41547
[rosout][DEBUG] 2019-06-02 14:28:03,700: ... service URL is rosrpc://a917bedbf8a8:41547
[rosout][DEBUG] 2019-06-02 14:28:03,700: [/waypoint_loader/get_loggers]: new Service instance
[rosout][DEBUG] 2019-06-02 14:28:03,702: ... service URL is rosrpc://a917bedbf8a8:41547
[rosout][DEBUG] 2019-06-02 14:28:03,702: [/waypoint_loader/set_logger_level]: new Service instance
[rospy.internal][INFO] 2019-06-02 14:28:03,819: topic[/base_waypoints] adding connection to [/waypoint_updater], count 0
[rospy.internal][INFO] 2019-06-02 14:28:03,918: topic[/rosout] adding connection to [/rosout], count 0
[rosout][INFO] 2019-06-02 14:28:04,243: Waypoint Loded
[rosout][DEBUG] 2019-06-02 14:28:04,244: node[/waypoint_loader, http://a917bedbf8a8:39989/] entering spin(), pid[9746]
[rospy.internal][INFO] 2019-06-02 14:28:06,985: topic[/base_waypoints] adding connection to [/tl_detector], count 1
[rospy.core][INFO] 2019-06-02 14:29:10,820: signal_shutdown [signal-2]
[rospy.internal][INFO] 2019-06-02 14:29:10,840: topic[/rosout] removing connection to /rosout
[rospy.internal][INFO] 2019-06-02 14:29:10,846: topic[/base_waypoints] removing connection to /waypoint_updater
[rospy.internal][INFO] 2019-06-02 14:29:10,847: topic[/base_waypoints] removing connection to /tl_detector
[rospy.impl.masterslave][INFO] 2019-06-02 14:29:10,850: signal-2
[rospy.core][INFO] 2019-06-02 14:29:10,952: signal_shutdown [atexit]
