[rospy.client][INFO] 2019-06-02 14:59:53,743: init_node, name[/tl_detector], pid[12969]
[xmlrpc][INFO] 2019-06-02 14:59:53,743: XML-RPC server binding to 0.0.0.0:0
[xmlrpc][INFO] 2019-06-02 14:59:53,744: Started XML-RPC server [http://a917bedbf8a8:43107/]
[rospy.init][INFO] 2019-06-02 14:59:53,745: ROS Slave URI: [http://a917bedbf8a8:43107/]
[rospy.impl.masterslave][INFO] 2019-06-02 14:59:53,745: _ready: http://a917bedbf8a8:43107/
[xmlrpc][INFO] 2019-06-02 14:59:53,746: xml rpc node: starting XML-RPC server
[rospy.registration][INFO] 2019-06-02 14:59:53,747: Registering with master node http://localhost:11311
[rospy.init][INFO] 2019-06-02 14:59:53,846: registered with master
[rospy.rosout][INFO] 2019-06-02 14:59:53,846: initializing /rosout core topic
[rospy.rosout][INFO] 2019-06-02 14:59:53,856: connected to core topic /rosout
[rospy.simtime][INFO] 2019-06-02 14:59:53,861: /use_sim_time is not set, will not subscribe to simulated time [/clock] topic
[rospy.internal][INFO] 2019-06-02 14:59:54,145: topic[/rosout] adding connection to [/rosout], count 0
[rospy.internal][INFO] 2019-06-02 14:59:55,696: topic[/base_waypoints] adding connection to [http://a917bedbf8a8:42147/], count 0
[rospy.internal][INFO] 2019-06-02 14:59:55,700: topic[/vehicle/traffic_lights] adding connection to [http://a917bedbf8a8:34543/], count 0
[rospy.internal][INFO] 2019-06-02 14:59:55,703: topic[/image_color] adding connection to [http://a917bedbf8a8:34543/], count 0
[rospy.internal][INFO] 2019-06-02 14:59:55,706: topic[/current_pose] adding connection to [http://a917bedbf8a8:34543/], count 0
[rospy.internal][INFO] 2019-06-02 14:59:55,778: topic[/traffic_waypoint] adding connection to [/waypoint_updater], count 0
[rospy.internal][INFO] 2019-06-02 15:00:11,020: topic[/tf] adding connection to [http://a917bedbf8a8:34543/], count 0
[rosout][INFO] 2019-06-02 15:00:13,109: image received
[rosout][INFO] 2019-06-02 15:00:13,632: image received
[rosout][INFO] 2019-06-02 15:00:14,175: image received
[rosout][INFO] 2019-06-02 15:00:14,761: image received
[rosout][INFO] 2019-06-02 15:00:15,382: image received
[rosout][INFO] 2019-06-02 15:00:15,956: image received
[rosout][INFO] 2019-06-02 15:00:16,608: image received
[rosout][INFO] 2019-06-02 15:00:17,354: image received
[rosout][INFO] 2019-06-02 15:00:18,004: image received
[rosout][INFO] 2019-06-02 15:00:18,578: image received
[rosout][INFO] 2019-06-02 15:00:19,152: image received
[rosout][INFO] 2019-06-02 15:00:19,765: image received
[rosout][INFO] 2019-06-02 15:00:20,433: image received
[rosout][INFO] 2019-06-02 15:00:21,230: image received
[rosout][INFO] 2019-06-02 15:00:22,008: image received
[rosout][INFO] 2019-06-02 15:00:22,827: image received
[rosout][INFO] 2019-06-02 15:00:23,564: image received
[rosout][INFO] 2019-06-02 15:00:24,336: image received
[rosout][INFO] 2019-06-02 15:00:25,110: image received
[rosout][INFO] 2019-06-02 15:00:25,782: image received
[rosout][INFO] 2019-06-02 15:00:26,586: image received
[rosout][INFO] 2019-06-02 15:00:27,333: image received
[rosout][INFO] 2019-06-02 15:00:28,109: image received
[rosout][INFO] 2019-06-02 15:00:28,837: image received
[rosout][INFO] 2019-06-02 15:00:29,592: image received
[rosout][INFO] 2019-06-02 15:00:30,325: image received
[rosout][INFO] 2019-06-02 15:00:31,067: image received
[rosout][INFO] 2019-06-02 15:00:31,783: image received
[rosout][INFO] 2019-06-02 15:00:32,586: image received
[rosout][INFO] 2019-06-02 15:00:33,584: image received
[rosout][INFO] 2019-06-02 15:00:34,412: image received
[rosout][INFO] 2019-06-02 15:00:35,226: image received
[rosout][INFO] 2019-06-02 15:00:35,955: image received
[rosout][INFO] 2019-06-02 15:00:36,769: image received
[rosout][INFO] 2019-06-02 15:00:37,328: image received
[rosout][INFO] 2019-06-02 15:00:37,771: image received
[rosout][INFO] 2019-06-02 15:00:38,236: image received
[rosout][INFO] 2019-06-02 15:00:38,691: image received
[rosout][INFO] 2019-06-02 15:00:39,193: image received
[rosout][INFO] 2019-06-02 15:00:39,653: image received
[rosout][INFO] 2019-06-02 15:00:40,117: image received
[rosout][INFO] 2019-06-02 15:00:40,544: image received
[rosout][INFO] 2019-06-02 15:00:40,971: image received
[rosout][INFO] 2019-06-02 15:00:41,416: image received
[rosout][INFO] 2019-06-02 15:00:41,822: image received
[rosout][INFO] 2019-06-02 15:00:42,274: image received
[rosout][INFO] 2019-06-02 15:00:42,780: image received
[rosout][INFO] 2019-06-02 15:00:43,381: image received
[rosout][INFO] 2019-06-02 15:00:43,801: image received
[rosout][INFO] 2019-06-02 15:00:44,303: image received
[rosout][INFO] 2019-06-02 15:00:44,871: image received
[rosout][INFO] 2019-06-02 15:00:45,282: image received
[rosout][INFO] 2019-06-02 15:00:45,795: image received
[rosout][INFO] 2019-06-02 15:00:46,288: image received
[rosout][INFO] 2019-06-02 15:00:46,788: image received
[rosout][INFO] 2019-06-02 15:00:47,271: image received
[rosout][INFO] 2019-06-02 15:00:47,771: image received
[rosout][INFO] 2019-06-02 15:00:48,276: image received
[rosout][INFO] 2019-06-02 15:00:48,765: image received
[rosout][INFO] 2019-06-02 15:00:49,279: image received
[rosout][INFO] 2019-06-02 15:00:49,792: image received
[rosout][INFO] 2019-06-02 15:00:50,283: image received
[rosout][INFO] 2019-06-02 15:00:50,784: image received
[rosout][INFO] 2019-06-02 15:00:51,301: image received
[rosout][INFO] 2019-06-02 15:00:51,773: image received
[rosout][INFO] 2019-06-02 15:00:52,277: image received
[rosout][INFO] 2019-06-02 15:00:52,773: image received
[rosout][INFO] 2019-06-02 15:00:53,282: image received
[rosout][INFO] 2019-06-02 15:00:53,809: image received
[rosout][INFO] 2019-06-02 15:00:54,290: image received
[rosout][INFO] 2019-06-02 15:00:54,783: image received
[rosout][INFO] 2019-06-02 15:00:55,268: image received
[rosout][INFO] 2019-06-02 15:00:55,778: image received
[rosout][INFO] 2019-06-02 15:00:56,270: image received
[rosout][INFO] 2019-06-02 15:00:56,802: image received
[rosout][INFO] 2019-06-02 15:00:57,282: image received
[rosout][INFO] 2019-06-02 15:00:57,778: image received
[rosout][INFO] 2019-06-02 15:00:58,283: image received
[rosout][INFO] 2019-06-02 15:00:58,784: image received
[rosout][INFO] 2019-06-02 15:00:59,292: image received
[rosout][INFO] 2019-06-02 15:00:59,798: image received
[rosout][INFO] 2019-06-02 15:01:00,298: image received
[rosout][INFO] 2019-06-02 15:01:00,794: image received
[rosout][INFO] 2019-06-02 15:01:01,315: image received
[rosout][INFO] 2019-06-02 15:01:01,848: image received
[rosout][INFO] 2019-06-02 15:01:02,349: image received
[rosout][INFO] 2019-06-02 15:01:02,797: image received
[rosout][INFO] 2019-06-02 15:01:03,290: image received
[rosout][INFO] 2019-06-02 15:01:03,796: image received
[rosout][INFO] 2019-06-02 15:01:04,304: image received
[rosout][INFO] 2019-06-02 15:01:04,804: image received
[rosout][INFO] 2019-06-02 15:01:05,300: image received
[rosout][INFO] 2019-06-02 15:01:05,798: image received
[rosout][INFO] 2019-06-02 15:01:06,313: image received
[rosout][INFO] 2019-06-02 15:01:06,795: image received
[rosout][INFO] 2019-06-02 15:01:07,298: image received
[rosout][INFO] 2019-06-02 15:01:07,799: image received
[rosout][INFO] 2019-06-02 15:01:08,307: image received
[rosout][INFO] 2019-06-02 15:01:08,790: image received
[rosout][INFO] 2019-06-02 15:01:09,317: image received
[rosout][INFO] 2019-06-02 15:01:09,801: image received
[rosout][INFO] 2019-06-02 15:01:10,308: image received
[rosout][INFO] 2019-06-02 15:01:10,800: image received
[rosout][INFO] 2019-06-02 15:01:11,306: image received
[rosout][INFO] 2019-06-02 15:01:11,798: image received
[rosout][INFO] 2019-06-02 15:01:12,314: image received
[rosout][INFO] 2019-06-02 15:01:12,794: image received
[rosout][INFO] 2019-06-02 15:01:13,319: image received
[rosout][INFO] 2019-06-02 15:01:13,796: image received
[rosout][INFO] 2019-06-02 15:01:14,310: image received
[rosout][INFO] 2019-06-02 15:01:14,820: image received
[rosout][INFO] 2019-06-02 15:01:15,307: image received
[rosout][INFO] 2019-06-02 15:01:15,820: image received
[rosout][INFO] 2019-06-02 15:01:16,327: image received
[rosout][INFO] 2019-06-02 15:01:16,808: image received
[rosout][INFO] 2019-06-02 15:01:17,392: image received
[rosout][INFO] 2019-06-02 15:01:18,151: image received
[rosout][INFO] 2019-06-02 15:01:19,083: image received
[rosout][INFO] 2019-06-02 15:01:19,873: image received
[rosout][INFO] 2019-06-02 15:01:20,685: image received
[rosout][INFO] 2019-06-02 15:01:21,492: image received
[rosout][INFO] 2019-06-02 15:01:22,278: image received
[rosout][INFO] 2019-06-02 15:01:23,349: image received
[rosout][INFO] 2019-06-02 15:01:24,743: image received
[rosout][INFO] 2019-06-02 15:01:26,065: image received
[rosout][INFO] 2019-06-02 15:01:27,825: image received
[rospy.internal][INFO] 2019-06-02 15:02:07,859: topic[/traffic_waypoint] adding connection to [/waypoint_updater], count 1
[rospy.internal][INFO] 2019-06-02 15:02:07,862: topic[/traffic_waypoint] removing connection to /waypoint_updater
[rospy.internal][WARNING] 2019-06-02 15:02:07,890: Unknown error initiating TCP/IP socket to a917bedbf8a8:41739 (http://a917bedbf8a8:42147/): Traceback (most recent call last):
  File "/opt/ros/kinetic/lib/python2.7/dist-packages/rospy/impl/tcpros_base.py", line 557, in connect
    self.read_header()
  File "/opt/ros/kinetic/lib/python2.7/dist-packages/rospy/impl/tcpros_base.py", line 650, in read_header
    self._validate_header(read_ros_handshake_header(sock, self.read_buff, self.protocol.buff_size))
  File "/opt/ros/kinetic/lib/python2.7/dist-packages/rosgraph/network.py", line 362, in read_ros_handshake_header
    d = sock.recv(buff_size)
error: [Errno 104] Connection reset by peer

[rospy.internal][INFO] 2019-06-02 15:02:07,891: topic[/base_waypoints] removing connection to http://a917bedbf8a8:42147/
[rospy.internal][ERROR] 2019-06-02 15:02:07,896: Unable to initiate TCP/IP socket to a917bedbf8a8:39385 (http://a917bedbf8a8:34543/): Traceback (most recent call last):
  File "/opt/ros/kinetic/lib/python2.7/dist-packages/rospy/impl/tcpros_base.py", line 557, in connect
    self.read_header()
  File "/opt/ros/kinetic/lib/python2.7/dist-packages/rospy/impl/tcpros_base.py", line 650, in read_header
    self._validate_header(read_ros_handshake_header(sock, self.read_buff, self.protocol.buff_size))
  File "/opt/ros/kinetic/lib/python2.7/dist-packages/rospy/impl/tcpros_base.py", line 593, in _validate_header
    raise TransportInitError("remote error reported: %s"%header['error'])
TransportInitError: remote error reported: node shutting down

[rospy.internal][ERROR] 2019-06-02 15:02:07,904: Unable to initiate TCP/IP socket to a917bedbf8a8:39385 (http://a917bedbf8a8:34543/): Traceback (most recent call last):
  File "/opt/ros/kinetic/lib/python2.7/dist-packages/rospy/impl/tcpros_base.py", line 557, in connect
    self.read_header()
  File "/opt/ros/kinetic/lib/python2.7/dist-packages/rospy/impl/tcpros_base.py", line 650, in read_header
    self._validate_header(read_ros_handshake_header(sock, self.read_buff, self.protocol.buff_size))
  File "/opt/ros/kinetic/lib/python2.7/dist-packages/rospy/impl/tcpros_base.py", line 593, in _validate_header
    raise TransportInitError("remote error reported: %s"%header['error'])
TransportInitError: remote error reported: node shutting down

[rospy.internal][ERROR] 2019-06-02 15:02:07,912: Unable to initiate TCP/IP socket to a917bedbf8a8:39385 (http://a917bedbf8a8:34543/): Traceback (most recent call last):
  File "/opt/ros/kinetic/lib/python2.7/dist-packages/rospy/impl/tcpros_base.py", line 557, in connect
    self.read_header()
  File "/opt/ros/kinetic/lib/python2.7/dist-packages/rospy/impl/tcpros_base.py", line 650, in read_header
    self._validate_header(read_ros_handshake_header(sock, self.read_buff, self.protocol.buff_size))
  File "/opt/ros/kinetic/lib/python2.7/dist-packages/rospy/impl/tcpros_base.py", line 593, in _validate_header
    raise TransportInitError("remote error reported: %s"%header['error'])
TransportInitError: remote error reported: node shutting down

[rospy.internal][ERROR] 2019-06-02 15:02:07,913: Unable to initiate TCP/IP socket to a917bedbf8a8:39385 (http://a917bedbf8a8:34543/): Traceback (most recent call last):
  File "/opt/ros/kinetic/lib/python2.7/dist-packages/rospy/impl/tcpros_base.py", line 557, in connect
    self.read_header()
  File "/opt/ros/kinetic/lib/python2.7/dist-packages/rospy/impl/tcpros_base.py", line 650, in read_header
    self._validate_header(read_ros_handshake_header(sock, self.read_buff, self.protocol.buff_size))
  File "/opt/ros/kinetic/lib/python2.7/dist-packages/rospy/impl/tcpros_base.py", line 593, in _validate_header
    raise TransportInitError("remote error reported: %s"%header['error'])
TransportInitError: remote error reported: node shutting down

[rospy.core][INFO] 2019-06-02 15:02:07,951: signal_shutdown [signal-2]
[rospy.internal][INFO] 2019-06-02 15:02:07,957: topic[/rosout] removing connection to /rosout
[rospy.internal][INFO] 2019-06-02 15:02:07,958: topic[/traffic_waypoint] removing connection to /waypoint_updater
[rospy.internal][INFO] 2019-06-02 15:02:07,959: topic[/current_pose] removing connection to http://a917bedbf8a8:34543/
[rospy.internal][INFO] 2019-06-02 15:02:07,959: topic[/tf] removing connection to http://a917bedbf8a8:34543/
[rospy.internal][INFO] 2019-06-02 15:02:07,960: topic[/vehicle/traffic_lights] removing connection to http://a917bedbf8a8:34543/
[rospy.internal][INFO] 2019-06-02 15:02:07,960: topic[/image_color] removing connection to http://a917bedbf8a8:34543/
[rospy.impl.masterslave][INFO] 2019-06-02 15:02:07,960: signal-2
[rospy.core][INFO] 2019-06-02 15:02:08,132: signal_shutdown [atexit]
