[rospy.client][INFO] 2019-06-02 14:59:52,247: init_node, name[/waypoint_loader], pid[12895]
[xmlrpc][INFO] 2019-06-02 14:59:52,247: XML-RPC server binding to 0.0.0.0:0
[xmlrpc][INFO] 2019-06-02 14:59:52,248: Started XML-RPC server [http://a917bedbf8a8:42147/]
[rospy.impl.masterslave][INFO] 2019-06-02 14:59:52,249: _ready: http://a917bedbf8a8:42147/
[rospy.init][INFO] 2019-06-02 14:59:52,250: ROS Slave URI: [http://a917bedbf8a8:42147/]
[xmlrpc][INFO] 2019-06-02 14:59:52,251: xml rpc node: starting XML-RPC server
[rospy.registration][INFO] 2019-06-02 14:59:52,253: Registering with master node http://localhost:11311
[rospy.init][INFO] 2019-06-02 14:59:52,351: registered with master
[rospy.rosout][INFO] 2019-06-02 14:59:52,351: initializing /rosout core topic
[rospy.rosout][INFO] 2019-06-02 14:59:52,356: connected to core topic /rosout
[rospy.simtime][INFO] 2019-06-02 14:59:52,358: /use_sim_time is not set, will not subscribe to simulated time [/clock] topic
[rosout][DEBUG] 2019-06-02 14:59:52,358: init_node, name[/waypoint_loader], pid[12895]
[rosout][DEBUG] 2019-06-02 14:59:52,359: binding to 0.0.0.0 0
[rosout][DEBUG] 2019-06-02 14:59:52,359: bound to 0.0.0.0 41739
[rosout][DEBUG] 2019-06-02 14:59:52,359: ... service URL is rosrpc://a917bedbf8a8:41739
[rosout][DEBUG] 2019-06-02 14:59:52,360: [/waypoint_loader/get_loggers]: new Service instance
[rosout][DEBUG] 2019-06-02 14:59:52,363: ... service URL is rosrpc://a917bedbf8a8:41739
[rosout][DEBUG] 2019-06-02 14:59:52,363: [/waypoint_loader/set_logger_level]: new Service instance
[rospy.internal][INFO] 2019-06-02 14:59:52,650: topic[/rosout] adding connection to [/rosout], count 0
[rospy.internal][INFO] 2019-06-02 14:59:52,710: topic[/base_waypoints] adding connection to [/waypoint_updater], count 0
[rosout][INFO] 2019-06-02 14:59:53,114: Waypoint Loded
[rosout][DEBUG] 2019-06-02 14:59:53,114: node[/waypoint_loader, http://a917bedbf8a8:42147/] entering spin(), pid[12895]
[rospy.internal][INFO] 2019-06-02 14:59:55,708: topic[/base_waypoints] adding connection to [/tl_detector], count 1
[rospy.core][INFO] 2019-06-02 15:02:07,842: signal_shutdown [signal-2]
[rospy.internal][INFO] 2019-06-02 15:02:07,882: topic[/rosout] removing connection to /rosout
[rospy.internal][INFO] 2019-06-02 15:02:07,883: topic[/base_waypoints] removing connection to /waypoint_updater
[rospy.internal][INFO] 2019-06-02 15:02:07,883: topic[/base_waypoints] removing connection to /tl_detector
[rospy.impl.masterslave][INFO] 2019-06-02 15:02:07,884: signal-2
[rosout][DEBUG] 2019-06-02 15:02:07,886: TCPServer[41739] shutting down
[rospy.core][INFO] 2019-06-02 15:02:08,499: signal_shutdown [atexit]
