[rospy.client][INFO] 2019-06-02 14:56:00,444: init_node, name[/waypoint_updater], pid[11862]
[xmlrpc][INFO] 2019-06-02 14:56:00,449: XML-RPC server binding to 0.0.0.0:0
[rospy.init][INFO] 2019-06-02 14:56:00,450: ROS Slave URI: [http://a917bedbf8a8:33763/]
[xmlrpc][INFO] 2019-06-02 14:56:00,450: Started XML-RPC server [http://a917bedbf8a8:33763/]
[rospy.impl.masterslave][INFO] 2019-06-02 14:56:00,450: _ready: http://a917bedbf8a8:33763/
[xmlrpc][INFO] 2019-06-02 14:56:00,451: xml rpc node: starting XML-RPC server
[rospy.registration][INFO] 2019-06-02 14:56:00,451: Registering with master node http://localhost:11311
[rospy.init][INFO] 2019-06-02 14:56:00,550: registered with master
[rospy.rosout][INFO] 2019-06-02 14:56:00,550: initializing /rosout core topic
[rospy.rosout][INFO] 2019-06-02 14:56:00,554: connected to core topic /rosout
[rospy.simtime][INFO] 2019-06-02 14:56:00,556: /use_sim_time is not set, will not subscribe to simulated time [/clock] topic
[rospy.internal][INFO] 2019-06-02 14:56:00,580: topic[/current_pose] adding connection to [http://a917bedbf8a8:40967/], count 0
[rospy.internal][INFO] 2019-06-02 14:56:00,594: topic[/base_waypoints] adding connection to [http://a917bedbf8a8:38449/], count 0
[rospy.internal][INFO] 2019-06-02 14:56:00,617: topic[/final_waypoints] adding connection to [/styx_server], count 0
[rospy.internal][INFO] 2019-06-02 14:56:00,805: topic[/rosout] adding connection to [/rosout], count 0
[rospy.internal][INFO] 2019-06-02 14:56:00,808: topic[/final_waypoints] adding connection to [/pure_pursuit], count 1
[rospy.internal][INFO] 2019-06-02 14:56:04,253: topic[/traffic_waypoint] adding connection to [http://a917bedbf8a8:33249/], count 0
[rospy.core][INFO] 2019-06-02 14:57:27,928: signal_shutdown [signal-2]
[rospy.internal][INFO] 2019-06-02 14:57:27,937: topic[/final_waypoints] removing connection to /styx_server
[rospy.internal][INFO] 2019-06-02 14:57:27,938: topic[/final_waypoints] removing connection to /pure_pursuit
[rospy.internal][INFO] 2019-06-02 14:57:27,938: topic[/rosout] removing connection to /rosout
[rospy.internal][INFO] 2019-06-02 14:57:27,939: topic[/traffic_waypoint] removing connection to http://a917bedbf8a8:33249/
[rospy.internal][INFO] 2019-06-02 14:57:27,944: topic[/base_waypoints] removing connection to http://a917bedbf8a8:38449/
[rospy.internal][INFO] 2019-06-02 14:57:27,947: topic[/current_pose] removing connection to http://a917bedbf8a8:40967/
[rospy.impl.masterslave][INFO] 2019-06-02 14:57:27,947: signal-2
[rospy.core][INFO] 2019-06-02 14:57:28,072: signal_shutdown [atexit]
